0 info it worked if it ends with ok
1 verbose cli [ '/Users/jcantrell/.nvm/versions/node/v6.2.2/bin/node',
1 verbose cli   '/Users/jcantrell/.nvm/versions/node/v6.2.2/bin/npm',
1 verbose cli   'run',
1 verbose cli   'build',
1 verbose cli   '--',
1 verbose cli   '--watch' ]
2 info using npm@3.9.5
3 info using node@v6.2.2
4 verbose run-script [ 'prebuild', 'build', 'postbuild' ]
5 info lifecycle mandelbrot@1.0.0~prebuild: mandelbrot@1.0.0
6 silly lifecycle mandelbrot@1.0.0~prebuild: no script for prebuild, continuing
7 info lifecycle mandelbrot@1.0.0~build: mandelbrot@1.0.0
8 verbose lifecycle mandelbrot@1.0.0~build: unsafe-perm in lifecycle true
9 verbose lifecycle mandelbrot@1.0.0~build: PATH: /Users/jcantrell/.nvm/versions/node/v6.2.2/lib/node_modules/npm/bin/node-gyp-bin:/Users/jcantrell/Projects/goodrobot.net/src/lab/mandelbrot/node_modules/.bin:/Users/jcantrell/.nvm/versions/node/v6.2.2/bin:/Users/jcantrell/.nvm//versions/node/v6.2.2/bin:/usr/local/opt/php56/bin:/usr/local/bin:/usr/local/sbin:~/.composer/vendor/bin:/usr/local/bin:/usr/bin:/bin:/usr/sbin:/sbin
10 verbose lifecycle mandelbrot@1.0.0~build: CWD: /Users/jcantrell/Projects/goodrobot.net/src/lab/mandelbrot
11 silly lifecycle mandelbrot@1.0.0~build: Args: [ '-c', 'webpack "--watch"' ]
12 silly lifecycle mandelbrot@1.0.0~build: Returned: code: 1  signal: null
13 info lifecycle mandelbrot@1.0.0~build: Failed to exec build script
14 verbose stack Error: mandelbrot@1.0.0 build: `webpack "--watch"`
14 verbose stack Exit status 1
14 verbose stack     at EventEmitter.<anonymous> (/Users/jcantrell/.nvm/versions/node/v6.2.2/lib/node_modules/npm/lib/utils/lifecycle.js:245:16)
14 verbose stack     at emitTwo (events.js:106:13)
14 verbose stack     at EventEmitter.emit (events.js:191:7)
14 verbose stack     at ChildProcess.<anonymous> (/Users/jcantrell/.nvm/versions/node/v6.2.2/lib/node_modules/npm/lib/utils/spawn.js:24:14)
14 verbose stack     at emitTwo (events.js:106:13)
14 verbose stack     at ChildProcess.emit (events.js:191:7)
14 verbose stack     at maybeClose (internal/child_process.js:852:16)
14 verbose stack     at Process.ChildProcess._handle.onexit (internal/child_process.js:215:5)
15 verbose pkgid mandelbrot@1.0.0
16 verbose cwd /Users/jcantrell/Projects/goodrobot.net/src/lab/mandelbrot
17 error Darwin 15.5.0
18 error argv "/Users/jcantrell/.nvm/versions/node/v6.2.2/bin/node" "/Users/jcantrell/.nvm/versions/node/v6.2.2/bin/npm" "run" "build" "--" "--watch"
19 error node v6.2.2
20 error npm  v3.9.5
21 error code ELIFECYCLE
22 error mandelbrot@1.0.0 build: `webpack "--watch"`
22 error Exit status 1
23 error Failed at the mandelbrot@1.0.0 build script 'webpack "--watch"'.
23 error Make sure you have the latest version of node.js and npm installed.
23 error If you do, this is most likely a problem with the mandelbrot package,
23 error not with npm itself.
23 error Tell the author that this fails on your system:
23 error     webpack "--watch"
23 error You can get information on how to open an issue for this project with:
23 error     npm bugs mandelbrot
23 error Or if that isn't available, you can get their info via:
23 error     npm owner ls mandelbrot
23 error There is likely additional logging output above.
24 verbose exit [ 1, true ]
